0 info it worked if it ends with ok
1 verbose cli [ '/usr/bin/nodejs', '/usr/bin/npm', 'install' ]
2 info using npm@1.3.10
3 info using node@v0.10.25
4 verbose readDependencies using package.json deps
5 verbose install where, deps [ '/home/lonac_rally/Desktop/laravel_projects',
5 verbose install   [ 'bootstrap-sass',
5 verbose install     'gulp',
5 verbose install     'jquery',
5 verbose install     'laravel-elixir',
5 verbose install     'laravel-elixir-vue-2',
5 verbose install     'laravel-elixir-webpack-official',
5 verbose install     'lodash',
5 verbose install     'vue',
5 verbose install     'vue-resource' ] ]
6 info preinstall @
7 verbose readDependencies using package.json deps
8 verbose cache add [ 'laravel-elixir-webpack-official@^1.0.2', null ]
9 verbose cache add name=undefined spec="laravel-elixir-webpack-official@^1.0.2" args=["laravel-elixir-webpack-official@^1.0.2",null]
10 verbose parsed url { protocol: null,
10 verbose parsed url   slashes: null,
10 verbose parsed url   auth: null,
10 verbose parsed url   host: null,
10 verbose parsed url   port: null,
10 verbose parsed url   hostname: null,
10 verbose parsed url   hash: null,
10 verbose parsed url   search: null,
10 verbose parsed url   query: null,
10 verbose parsed url   pathname: 'laravel-elixir-webpack-official@^1.0.2',
10 verbose parsed url   path: 'laravel-elixir-webpack-official@^1.0.2',
10 verbose parsed url   href: 'laravel-elixir-webpack-official@^1.0.2' }
11 verbose cache add name="laravel-elixir-webpack-official" spec="^1.0.2" args=["laravel-elixir-webpack-official","^1.0.2"]
12 verbose parsed url { protocol: null,
12 verbose parsed url   slashes: null,
12 verbose parsed url   auth: null,
12 verbose parsed url   host: null,
12 verbose parsed url   port: null,
12 verbose parsed url   hostname: null,
12 verbose parsed url   hash: null,
12 verbose parsed url   search: null,
12 verbose parsed url   query: null,
12 verbose parsed url   pathname: '^1.0.2',
12 verbose parsed url   path: '^1.0.2',
12 verbose parsed url   href: '^1.0.2' }
13 verbose addNamed [ 'laravel-elixir-webpack-official', '^1.0.2' ]
14 verbose addNamed [ null, '>=1.0.2-0 <2.0.0-0' ]
15 verbose already installed skipping jquery@^3.1.0 /home/lonac_rally/Desktop/laravel_projects
16 verbose already installed skipping lodash@^4.16.2 /home/lonac_rally/Desktop/laravel_projects
17 verbose already installed skipping laravel-elixir@^6.0.0-11 /home/lonac_rally/Desktop/laravel_projects
18 verbose already installed skipping vue@^2.0.1 /home/lonac_rally/Desktop/laravel_projects
19 verbose already installed skipping laravel-elixir-vue-2@^0.2.0 /home/lonac_rally/Desktop/laravel_projects
20 verbose already installed skipping vue-resource@^1.0.3 /home/lonac_rally/Desktop/laravel_projects
21 verbose already installed skipping bootstrap-sass@^3.3.7 /home/lonac_rally/Desktop/laravel_projects
22 silly lockFile 60cfa36d-el-elixir-webpack-official-1-0-2 laravel-elixir-webpack-official@^1.0.2
23 verbose lock laravel-elixir-webpack-official@^1.0.2 /home/lonac_rally/.npm/60cfa36d-el-elixir-webpack-official-1-0-2.lock
24 verbose already installed skipping gulp@^3.9.1 /home/lonac_rally/Desktop/laravel_projects
25 silly addNameRange { name: 'laravel-elixir-webpack-official',
25 silly addNameRange   range: '>=1.0.2-0 <2.0.0-0',
25 silly addNameRange   hasData: false }
26 verbose url raw laravel-elixir-webpack-official
27 verbose url resolving [ 'https://registry.npmjs.org/',
27 verbose url resolving   './laravel-elixir-webpack-official' ]
28 verbose url resolved https://registry.npmjs.org/laravel-elixir-webpack-official
29 info trying registry request attempt 1 at 09:05:34
30 verbose etag "HHONHJK65D2RAESL2LPD061G"
31 http GET https://registry.npmjs.org/laravel-elixir-webpack-official
32 http 304 https://registry.npmjs.org/laravel-elixir-webpack-official
33 silly registry.get cb [ 304,
33 silly registry.get   { date: 'Wed, 26 Oct 2016 06:05:37 GMT',
33 silly registry.get     via: '1.1 varnish',
33 silly registry.get     'cache-control': 'max-age=300',
33 silly registry.get     etag: '"HHONHJK65D2RAESL2LPD061G"',
33 silly registry.get     age: '0',
33 silly registry.get     connection: 'keep-alive',
33 silly registry.get     'x-served-by': 'cache-lcy1151-LCY',
33 silly registry.get     'x-cache': 'MISS',
33 silly registry.get     'x-cache-hits': '0',
33 silly registry.get     'x-timer': 'S1477461937.205337,VS0,VE166',
33 silly registry.get     vary: 'Accept-Encoding' } ]
34 verbose etag laravel-elixir-webpack-official from cache
35 silly addNameRange number 2 { name: 'laravel-elixir-webpack-official',
35 silly addNameRange   range: '>=1.0.2-0 <2.0.0-0',
35 silly addNameRange   hasData: true }
36 silly addNameRange versions [ 'laravel-elixir-webpack-official',
36 silly addNameRange   [ '1.0.0',
36 silly addNameRange     '1.0.1',
36 silly addNameRange     '1.0.2',
36 silly addNameRange     '1.0.3',
36 silly addNameRange     '1.0.4',
36 silly addNameRange     '1.0.5',
36 silly addNameRange     '1.0.6',
36 silly addNameRange     '1.0.8' ] ]
37 verbose addNamed [ 'laravel-elixir-webpack-official', '1.0.8' ]
38 verbose addNamed [ '1.0.8', '1.0.8' ]
39 silly lockFile e3679d6f-el-elixir-webpack-official-1-0-8 laravel-elixir-webpack-official@1.0.8
40 verbose lock laravel-elixir-webpack-official@1.0.8 /home/lonac_rally/.npm/e3679d6f-el-elixir-webpack-official-1-0-8.lock
41 silly lockFile e3679d6f-el-elixir-webpack-official-1-0-8 laravel-elixir-webpack-official@1.0.8
42 silly lockFile e3679d6f-el-elixir-webpack-official-1-0-8 laravel-elixir-webpack-official@1.0.8
43 silly lockFile 60cfa36d-el-elixir-webpack-official-1-0-2 laravel-elixir-webpack-official@^1.0.2
44 silly lockFile 60cfa36d-el-elixir-webpack-official-1-0-2 laravel-elixir-webpack-official@^1.0.2
45 silly resolved [ { name: 'laravel-elixir-webpack-official',
45 silly resolved     version: '1.0.8',
45 silly resolved     description: 'Laravel Elixir Webpack integration',
45 silly resolved     main: 'dist/index.js',
45 silly resolved     repository:
45 silly resolved      { type: 'git',
45 silly resolved        url: 'https://github.com/JeffreyWay/laravel-elixir-webpack-official.git' },
45 silly resolved     homepage: 'https://github.com/JeffreyWay/laravel-elixir-webpack-official',
45 silly resolved     scripts:
45 silly resolved      { compile: 'babel --presets=es2015 -d dist src',
45 silly resolved        prepublish: 'npm run compile' },
45 silly resolved     keywords: [ 'laravel', 'elixir', 'webpack', 'gulp' ],
45 silly resolved     author: { name: 'Jeffrey Way' },
45 silly resolved     license: 'MIT',
45 silly resolved     dependencies:
45 silly resolved      { buble: '^0.12.3',
45 silly resolved        'buble-loader': '^0.2.2',
45 silly resolved        lodash: '^4.15.0',
45 silly resolved        webpack: '2.1.0-beta.15 - 2.1.0-beta.22',
45 silly resolved        'webpack-stream': 'github:jeroennoten/webpack-stream#patch-1' },
45 silly resolved     devDependencies: { 'babel-cli': '^6.10.1', 'babel-preset-es2015': '^6.9.0' },
45 silly resolved     readme: '# Laravel Elixir Webpack Integration\n\nThis extension brings Webpack support to Laravel Elixir, version 6 and up.\n\n## Step 1: Install\n\n```js\nnpm install laravel-elixir-webpack-official --save-dev\n```\n\n## Step 2: Usage\n\nSimilar to Browserify, the `webpack` method may be used to compile and bundle [ECMAScript 2015](https://babeljs.io/docs/learn-es2015/) into plain JavaScript.\nThis function accepts a file, relative to the `resources/assets/js` directory, and generates a single bundled file in the `public/js` directory:\n\n```javascript\nelixir(function(mix) {\n    mix.webpack(\'app.js\');\n});\n```\n\nTo choose a different output or base directory, simply specify your desired paths as the second and third arguments, respectively.\n\n```javascript\nelixir(function(mix) {\n    mix.webpack(\'app.js\', \'public/dist\', \'app/assets/js\');\n});\n```\n\nThis will compile `app/assets/js/app.js` to `public/dist/app.js`.\n\nIf you\'d like to leverage more of Webpack\'s functionality, Elixir will read any `webpack.config.js` file in your project root, and [factor its configuration](https://webpack.github.io/docs/configuration.html) into the build process. Alternatively, you may pass your Webpack-specific configuration as the fourth argument to `mix.webpack()`.\n\n## Step 3: Plugins\n\nIf you\'ve created a plugin, and need to hook your own Webpack config into Elixir\'s defaults, add the following to your script:\n\n```js\nElixir.webpack.mergeConfig({\n    babel: {\n        presets: [\'es2015\'],\n        plugins: [\'transform-runtime\'],\n    },\n    module: {\n        loaders: [{\n            test: /\\.vue$/,\n            loader: \'vue\'\n        }]\n    }\n});\n```\n\n`Elixir.webpack.mergeConfig(newConfig)` will recursively merge your provided configuration with ours. It also properly merges any nested  arrays, so as not to override important default configuration. For example, in the code snippet above, the addition of the Vue loader will not overwrite the default loaders that we provide.',
45 silly resolved     readmeFilename: 'readme.md',
45 silly resolved     bugs: { url: 'https://github.com/JeffreyWay/laravel-elixir-webpack-official/issues' },
45 silly resolved     _id: 'laravel-elixir-webpack-official@1.0.8',
45 silly resolved     _from: 'laravel-elixir-webpack-official@^1.0.2' } ]
46 info install laravel-elixir-webpack-official@1.0.8 into /home/lonac_rally/Desktop/laravel_projects
47 info installOne laravel-elixir-webpack-official@1.0.8
48 info /home/lonac_rally/Desktop/laravel_projects/node_modules/laravel-elixir-webpack-official unbuild
49 verbose tar unpack /home/lonac_rally/.npm/laravel-elixir-webpack-official/1.0.8/package.tgz
50 silly lockFile dca5caae--laravel-elixir-webpack-official tar:///home/lonac_rally/Desktop/laravel_projects/node_modules/laravel-elixir-webpack-official
51 verbose lock tar:///home/lonac_rally/Desktop/laravel_projects/node_modules/laravel-elixir-webpack-official /home/lonac_rally/.npm/dca5caae--laravel-elixir-webpack-official.lock
52 silly lockFile 843234c7-bpack-official-1-0-8-package-tgz tar:///home/lonac_rally/.npm/laravel-elixir-webpack-official/1.0.8/package.tgz
53 verbose lock tar:///home/lonac_rally/.npm/laravel-elixir-webpack-official/1.0.8/package.tgz /home/lonac_rally/.npm/843234c7-bpack-official-1-0-8-package-tgz.lock
54 silly gunzTarPerm modes [ '755', '644' ]
55 silly gunzTarPerm extractEntry package.json
56 silly gunzTarPerm extractEntry .npmignore
57 silly gunzTarPerm extractEntry dist/WebpackTask.js
58 silly gunzTarPerm extractEntry dist/index.js
59 silly gunzTarPerm extractEntry project.sublime-workspace
60 silly gunzTarPerm extractEntry readme.md
61 silly lockFile dca5caae--laravel-elixir-webpack-official tar:///home/lonac_rally/Desktop/laravel_projects/node_modules/laravel-elixir-webpack-official
62 silly lockFile dca5caae--laravel-elixir-webpack-official tar:///home/lonac_rally/Desktop/laravel_projects/node_modules/laravel-elixir-webpack-official
63 silly lockFile 843234c7-bpack-official-1-0-8-package-tgz tar:///home/lonac_rally/.npm/laravel-elixir-webpack-official/1.0.8/package.tgz
64 silly lockFile 843234c7-bpack-official-1-0-8-package-tgz tar:///home/lonac_rally/.npm/laravel-elixir-webpack-official/1.0.8/package.tgz
65 info preinstall laravel-elixir-webpack-official@1.0.8
66 verbose readDependencies using package.json deps
67 verbose readDependencies using package.json deps
68 verbose cache add [ 'buble-loader@^0.2.2', null ]
69 verbose cache add name=undefined spec="buble-loader@^0.2.2" args=["buble-loader@^0.2.2",null]
70 verbose parsed url { protocol: null,
70 verbose parsed url   slashes: null,
70 verbose parsed url   auth: null,
70 verbose parsed url   host: null,
70 verbose parsed url   port: null,
70 verbose parsed url   hostname: null,
70 verbose parsed url   hash: null,
70 verbose parsed url   search: null,
70 verbose parsed url   query: null,
70 verbose parsed url   pathname: 'buble-loader@^0.2.2',
70 verbose parsed url   path: 'buble-loader@^0.2.2',
70 verbose parsed url   href: 'buble-loader@^0.2.2' }
71 verbose cache add name="buble-loader" spec="^0.2.2" args=["buble-loader","^0.2.2"]
72 verbose parsed url { protocol: null,
72 verbose parsed url   slashes: null,
72 verbose parsed url   auth: null,
72 verbose parsed url   host: null,
72 verbose parsed url   port: null,
72 verbose parsed url   hostname: null,
72 verbose parsed url   hash: null,
72 verbose parsed url   search: null,
72 verbose parsed url   query: null,
72 verbose parsed url   pathname: '^0.2.2',
72 verbose parsed url   path: '^0.2.2',
72 verbose parsed url   href: '^0.2.2' }
73 verbose addNamed [ 'buble-loader', '^0.2.2' ]
74 verbose addNamed [ null, '>=0.2.2-0 <0.3.0-0' ]
75 silly lockFile aba3153c-buble-loader-0-2-2 buble-loader@^0.2.2
76 verbose lock buble-loader@^0.2.2 /home/lonac_rally/.npm/aba3153c-buble-loader-0-2-2.lock
77 verbose cache add [ 'webpack-stream@github:jeroennoten/webpack-stream#patch-1',
77 verbose cache add   null ]
78 verbose cache add name=undefined spec="webpack-stream@github:jeroennoten/webpack-stream#patch-1" args=["webpack-stream@github:jeroennoten/webpack-stream#patch-1",null]
79 verbose parsed url { protocol: null,
79 verbose parsed url   slashes: null,
79 verbose parsed url   auth: null,
79 verbose parsed url   host: null,
79 verbose parsed url   port: null,
79 verbose parsed url   hostname: null,
79 verbose parsed url   hash: '#patch-1',
79 verbose parsed url   search: null,
79 verbose parsed url   query: null,
79 verbose parsed url   pathname: 'webpack-stream@github:jeroennoten/webpack-stream',
79 verbose parsed url   path: 'webpack-stream@github:jeroennoten/webpack-stream',
79 verbose parsed url   href: 'webpack-stream@github:jeroennoten/webpack-stream#patch-1' }
80 verbose cache add name="webpack-stream" spec="github:jeroennoten/webpack-stream#patch-1" args=["webpack-stream","github:jeroennoten/webpack-stream#patch-1"]
81 verbose parsed url { protocol: 'github:',
81 verbose parsed url   slashes: null,
81 verbose parsed url   auth: null,
81 verbose parsed url   host: 'jeroennoten',
81 verbose parsed url   port: null,
81 verbose parsed url   hostname: 'jeroennoten',
81 verbose parsed url   hash: '#patch-1',
81 verbose parsed url   search: null,
81 verbose parsed url   query: null,
81 verbose parsed url   pathname: '/webpack-stream',
81 verbose parsed url   path: '/webpack-stream',
81 verbose parsed url   href: 'github:jeroennoten/webpack-stream#patch-1' }
82 verbose addNamed [ 'webpack-stream',
82 verbose addNamed   'github:jeroennoten/webpack-stream#patch-1' ]
83 verbose addNamed [ null, null ]
84 silly lockFile 48f7376d-roennoten-webpack-stream-patch-1 webpack-stream@github:jeroennoten/webpack-stream#patch-1
85 verbose lock webpack-stream@github:jeroennoten/webpack-stream#patch-1 /home/lonac_rally/.npm/48f7376d-roennoten-webpack-stream-patch-1.lock
86 verbose cache add [ 'webpack@2.1.0-beta.15 - 2.1.0-beta.22', null ]
87 verbose cache add name=undefined spec="webpack@2.1.0-beta.15 - 2.1.0-beta.22" args=["webpack@2.1.0-beta.15 - 2.1.0-beta.22",null]
88 verbose parsed url { protocol: null,
88 verbose parsed url   slashes: null,
88 verbose parsed url   auth: null,
88 verbose parsed url   host: null,
88 verbose parsed url   port: null,
88 verbose parsed url   hostname: null,
88 verbose parsed url   hash: null,
88 verbose parsed url   search: null,
88 verbose parsed url   query: null,
88 verbose parsed url   pathname: 'webpack@2.1.0-beta.15%20-%202.1.0-beta.22',
88 verbose parsed url   path: 'webpack@2.1.0-beta.15%20-%202.1.0-beta.22',
88 verbose parsed url   href: 'webpack@2.1.0-beta.15%20-%202.1.0-beta.22' }
89 verbose cache add name="webpack" spec="2.1.0-beta.15 - 2.1.0-beta.22" args=["webpack","2.1.0-beta.15 - 2.1.0-beta.22"]
90 verbose parsed url { protocol: null,
90 verbose parsed url   slashes: null,
90 verbose parsed url   auth: null,
90 verbose parsed url   host: null,
90 verbose parsed url   port: null,
90 verbose parsed url   hostname: null,
90 verbose parsed url   hash: null,
90 verbose parsed url   search: null,
90 verbose parsed url   query: null,
90 verbose parsed url   pathname: '2.1.0-beta.15%20-%202.1.0-beta.22',
90 verbose parsed url   path: '2.1.0-beta.15%20-%202.1.0-beta.22',
90 verbose parsed url   href: '2.1.0-beta.15%20-%202.1.0-beta.22' }
91 verbose addNamed [ 'webpack', '2.1.0-beta.15 - 2.1.0-beta.22' ]
92 verbose addNamed [ null, '>=2.1.0-beta.15 <=2.1.0--beta.22' ]
93 silly lockFile ac0bcb2f-pack-2-1-0-beta-15-2-1-0-beta-22 webpack@2.1.0-beta.15 - 2.1.0-beta.22
94 verbose lock webpack@2.1.0-beta.15 - 2.1.0-beta.22 /home/lonac_rally/.npm/ac0bcb2f-pack-2-1-0-beta-15-2-1-0-beta-22.lock
95 verbose cache add [ 'buble@^0.12.3', null ]
96 verbose cache add name=undefined spec="buble@^0.12.3" args=["buble@^0.12.3",null]
97 verbose parsed url { protocol: null,
97 verbose parsed url   slashes: null,
97 verbose parsed url   auth: null,
97 verbose parsed url   host: null,
97 verbose parsed url   port: null,
97 verbose parsed url   hostname: null,
97 verbose parsed url   hash: null,
97 verbose parsed url   search: null,
97 verbose parsed url   query: null,
97 verbose parsed url   pathname: 'buble@^0.12.3',
97 verbose parsed url   path: 'buble@^0.12.3',
97 verbose parsed url   href: 'buble@^0.12.3' }
98 verbose cache add name="buble" spec="^0.12.3" args=["buble","^0.12.3"]
99 verbose parsed url { protocol: null,
99 verbose parsed url   slashes: null,
99 verbose parsed url   auth: null,
99 verbose parsed url   host: null,
99 verbose parsed url   port: null,
99 verbose parsed url   hostname: null,
99 verbose parsed url   hash: null,
99 verbose parsed url   search: null,
99 verbose parsed url   query: null,
99 verbose parsed url   pathname: '^0.12.3',
99 verbose parsed url   path: '^0.12.3',
99 verbose parsed url   href: '^0.12.3' }
100 verbose addNamed [ 'buble', '^0.12.3' ]
101 verbose addNamed [ null, '>=0.12.3-0 <0.13.0-0' ]
102 silly lockFile c87ec1a5-buble-0-12-3 buble@^0.12.3
103 verbose lock buble@^0.12.3 /home/lonac_rally/.npm/c87ec1a5-buble-0-12-3.lock
104 silly addNameRange { name: 'buble-loader',
104 silly addNameRange   range: '>=0.2.2-0 <0.3.0-0',
104 silly addNameRange   hasData: false }
105 info addNameTag [ 'webpack-stream',
105 info addNameTag   'github:jeroennoten/webpack-stream#patch-1' ]
106 silly addNameRange { name: 'webpack',
106 silly addNameRange   range: '>=2.1.0-beta.15 <=2.1.0--beta.22',
106 silly addNameRange   hasData: false }
107 silly addNameRange { name: 'buble', range: '>=0.12.3-0 <0.13.0-0', hasData: false }
108 verbose url raw buble-loader
109 verbose url resolving [ 'https://registry.npmjs.org/', './buble-loader' ]
110 verbose url resolved https://registry.npmjs.org/buble-loader
111 info trying registry request attempt 1 at 09:05:38
112 verbose etag "76OKH2HNXGTO0T8WL3H8SYLB4"
113 http GET https://registry.npmjs.org/buble-loader
114 verbose url raw webpack-stream
115 verbose url resolving [ 'https://registry.npmjs.org/', './webpack-stream' ]
116 verbose url resolved https://registry.npmjs.org/webpack-stream
117 info trying registry request attempt 1 at 09:05:38
118 verbose etag "DAXCL8LMGRQGKF2B41T9QQSTU"
119 http GET https://registry.npmjs.org/webpack-stream
120 verbose url raw webpack
121 verbose url resolving [ 'https://registry.npmjs.org/', './webpack' ]
122 verbose url resolved https://registry.npmjs.org/webpack
123 info trying registry request attempt 1 at 09:05:38
124 verbose etag "EBAOQLC3IXQYNP5AGOS77HFZP"
125 http GET https://registry.npmjs.org/webpack
126 verbose url raw buble
127 verbose url resolving [ 'https://registry.npmjs.org/', './buble' ]
128 verbose url resolved https://registry.npmjs.org/buble
129 info trying registry request attempt 1 at 09:05:38
130 verbose etag "42ALRYIJOLWJAQ7JJF4906Y98"
131 http GET https://registry.npmjs.org/buble
132 http 304 https://registry.npmjs.org/buble
133 silly registry.get cb [ 304,
133 silly registry.get   { date: 'Wed, 26 Oct 2016 06:05:38 GMT',
133 silly registry.get     via: '1.1 varnish',
133 silly registry.get     'cache-control': 'max-age=300',
133 silly registry.get     etag: '"42ALRYIJOLWJAQ7JJF4906Y98"',
133 silly registry.get     age: '0',
133 silly registry.get     connection: 'keep-alive',
133 silly registry.get     'x-served-by': 'cache-lcy1128-LCY',
133 silly registry.get     'x-cache': 'MISS',
133 silly registry.get     'x-cache-hits': '0',
133 silly registry.get     'x-timer': 'S1477461938.852333,VS0,VE90',
133 silly registry.get     vary: 'Accept-Encoding' } ]
134 verbose etag buble from cache
135 silly addNameRange number 2 { name: 'buble', range: '>=0.12.3-0 <0.13.0-0', hasData: true }
136 silly addNameRange versions [ 'buble',
136 silly addNameRange   [ '0.1.0',
136 silly addNameRange     '0.2.0',
136 silly addNameRange     '0.2.1',
136 silly addNameRange     '0.2.2',
136 silly addNameRange     '0.3.0',
136 silly addNameRange     '0.3.1',
136 silly addNameRange     '0.3.2',
136 silly addNameRange     '0.3.3',
136 silly addNameRange     '0.3.4',
136 silly addNameRange     '0.4.0',
136 silly addNameRange     '0.4.1',
136 silly addNameRange     '0.4.2',
136 silly addNameRange     '0.4.3',
136 silly addNameRange     '0.4.4',
136 silly addNameRange     '0.4.5',
136 silly addNameRange     '0.4.6',
136 silly addNameRange     '0.4.7',
136 silly addNameRange     '0.4.8',
136 silly addNameRange     '0.4.9',
136 silly addNameRange     '0.4.10',
136 silly addNameRange     '0.4.11',
136 silly addNameRange     '0.4.12',
136 silly addNameRange     '0.4.13',
136 silly addNameRange     '0.4.14',
136 silly addNameRange     '0.4.15',
136 silly addNameRange     '0.4.16',
136 silly addNameRange     '0.4.17',
136 silly addNameRange     '0.4.18',
136 silly addNameRange     '0.4.20',
136 silly addNameRange     '0.4.21',
136 silly addNameRange     '0.4.22',
136 silly addNameRange     '0.4.23',
136 silly addNameRange     '0.4.24',
136 silly addNameRange     '0.5.0',
136 silly addNameRange     '0.5.1',
136 silly addNameRange     '0.5.2',
136 silly addNameRange     '0.5.3',
136 silly addNameRange     '0.5.4',
136 silly addNameRange     '0.5.5',
136 silly addNameRange     '0.5.6',
136 silly addNameRange     '0.5.7',
136 silly addNameRange     '0.5.8',
136 silly addNameRange     '0.6.0',
136 silly addNameRange     '0.6.1',
136 silly addNameRange     '0.6.2',
136 silly addNameRange     '0.6.3',
136 silly addNameRange     '0.6.4',
136 silly addNameRange     '0.6.5',
136 silly addNameRange     '0.6.6',
136 silly addNameRange     '0.6.7',
136 silly addNameRange     '0.7.0',
136 silly addNameRange     '0.7.1',
136 silly addNameRange     '0.8.0',
136 silly addNameRange     '0.8.1',
136 silly addNameRange     '0.8.2',
136 silly addNameRange     '0.8.3',
136 silly addNameRange     '0.8.4',
136 silly addNameRange     '0.8.5',
136 silly addNameRange     '0.9.0',
136 silly addNameRange     '0.9.1',
136 silly addNameRange     '0.9.2',
136 silly addNameRange     '0.9.3',
136 silly addNameRange     '0.10.0',
136 silly addNameRange     '0.10.1',
136 silly addNameRange     '0.10.2',
136 silly addNameRange     '0.10.3',
136 silly addNameRange     '0.10.4',
136 silly addNameRange     '0.10.5',
136 silly addNameRange     '0.10.6',
136 silly addNameRange     '0.10.7',
136 silly addNameRange     '0.11.0',
136 silly addNameRange     '0.11.1',
136 silly addNameRange     '0.11.2',
136 silly addNameRange     '0.11.3',
136 silly addNameRange     '0.11.4',
136 silly addNameRange     '0.11.5',
136 silly addNameRange     '0.11.6',
136 silly addNameRange     '0.12.0',
136 silly addNameRange     '0.12.1',
136 silly addNameRange     '0.12.2',
136 silly addNameRange     '0.12.3',
136 silly addNameRange     '0.12.4',
136 silly addNameRange     '0.12.5',
136 silly addNameRange     '0.13.0',
136 silly addNameRange     '0.13.1',
136 silly addNameRange     '0.13.2',
136 silly addNameRange     '0.14.0' ] ]
137 verbose addNamed [ 'buble', '0.12.5' ]
138 verbose addNamed [ '0.12.5', '0.12.5' ]
139 silly lockFile e17dd4e4-buble-0-12-5 buble@0.12.5
140 verbose lock buble@0.12.5 /home/lonac_rally/.npm/e17dd4e4-buble-0-12-5.lock
141 silly lockFile e17dd4e4-buble-0-12-5 buble@0.12.5
142 silly lockFile e17dd4e4-buble-0-12-5 buble@0.12.5
143 silly lockFile c87ec1a5-buble-0-12-3 buble@^0.12.3
144 silly lockFile c87ec1a5-buble-0-12-3 buble@^0.12.3
145 http 304 https://registry.npmjs.org/buble-loader
146 silly registry.get cb [ 304,
146 silly registry.get   { date: 'Wed, 26 Oct 2016 06:05:38 GMT',
146 silly registry.get     via: '1.1 varnish',
146 silly registry.get     'cache-control': 'max-age=300',
146 silly registry.get     etag: '"76OKH2HNXGTO0T8WL3H8SYLB4"',
146 silly registry.get     age: '0',
146 silly registry.get     connection: 'keep-alive',
146 silly registry.get     'x-served-by': 'cache-lcy1137-LCY',
146 silly registry.get     'x-cache': 'MISS',
146 silly registry.get     'x-cache-hits': '0',
146 silly registry.get     'x-timer': 'S1477461938.891444,VS0,VE178',
146 silly registry.get     vary: 'Accept-Encoding' } ]
147 verbose etag buble-loader from cache
148 silly addNameRange number 2 { name: 'buble-loader',
148 silly addNameRange   range: '>=0.2.2-0 <0.3.0-0',
148 silly addNameRange   hasData: true }
149 silly addNameRange versions [ 'buble-loader',
149 silly addNameRange   [ '0.1.0', '0.2.0', '0.2.1', '0.2.2', '0.3.0', '0.3.1' ] ]
150 verbose addNamed [ 'buble-loader', '0.2.2' ]
151 verbose addNamed [ '0.2.2', '0.2.2' ]
152 silly lockFile 808f88a0-buble-loader-0-2-2 buble-loader@0.2.2
153 verbose lock buble-loader@0.2.2 /home/lonac_rally/.npm/808f88a0-buble-loader-0-2-2.lock
154 silly lockFile 808f88a0-buble-loader-0-2-2 buble-loader@0.2.2
155 silly lockFile 808f88a0-buble-loader-0-2-2 buble-loader@0.2.2
156 silly lockFile aba3153c-buble-loader-0-2-2 buble-loader@^0.2.2
157 silly lockFile aba3153c-buble-loader-0-2-2 buble-loader@^0.2.2
158 http 304 https://registry.npmjs.org/webpack-stream
159 silly registry.get cb [ 304,
159 silly registry.get   { date: 'Wed, 26 Oct 2016 06:05:38 GMT',
159 silly registry.get     via: '1.1 varnish',
159 silly registry.get     'cache-control': 'max-age=300',
159 silly registry.get     etag: '"DAXCL8LMGRQGKF2B41T9QQSTU"',
159 silly registry.get     age: '0',
159 silly registry.get     connection: 'keep-alive',
159 silly registry.get     'x-served-by': 'cache-lcy1147-LCY',
159 silly registry.get     'x-cache': 'MISS',
159 silly registry.get     'x-cache-hits': '0',
159 silly registry.get     'x-timer': 'S1477461938.781265,VS0,VE392',
159 silly registry.get     vary: 'Accept-Encoding' } ]
160 verbose etag webpack-stream from cache
161 info maybeGithub Attempting github:jeroennoten/webpack-stream#patch-1 from git://github.com/github:jeroennoten/webpack-stream#patch-1
162 silly lockFile 0afbe261-roennoten-webpack-stream-patch-1 git://github.com/github:jeroennoten/webpack-stream#patch-1
163 verbose lock git://github.com/github:jeroennoten/webpack-stream#patch-1 /home/lonac_rally/.npm/0afbe261-roennoten-webpack-stream-patch-1.lock
164 verbose addRemoteGit [ 'git://github.com/github:jeroennoten/webpack-stream',
164 verbose addRemoteGit   'patch-1' ]
165 verbose git clone git://github.com/github:jeroennoten/webpack-stream Cloning into bare repository '/home/lonac_rally/.npm/_git-remotes/git-github-com-github-jeroennoten-webpack-stream-aa6d3100'...
165 verbose git clone git://github.com/github:jeroennoten/webpack-stream fatal: remote error:
165 verbose git clone git://github.com/github:jeroennoten/webpack-stream   %s is not a valid repository name
165 verbose git clone git://github.com/github:jeroennoten/webpack-stream   Email support@github.com for help
166 silly lockFile aa6d3100-ithub-jeroennoten-webpack-stream git://github.com/github:jeroennoten/webpack-stream
167 info maybeGithub Attempting github:jeroennoten/webpack-stream#patch-1 from git+ssh://git@github.com:github:jeroennoten/webpack-stream#patch-1
168 silly lockFile 1be3ed5d-roennoten-webpack-stream-patch-1 git+ssh://git@github.com:github:jeroennoten/webpack-stream#patch-1
169 verbose lock git+ssh://git@github.com:github:jeroennoten/webpack-stream#patch-1 /home/lonac_rally/.npm/1be3ed5d-roennoten-webpack-stream-patch-1.lock
170 verbose addRemoteGit [ 'git@github.com:github:jeroennoten/webpack-stream',
170 verbose addRemoteGit   'patch-1' ]
171 http 200 https://registry.npmjs.org/webpack
172 silly registry.get cb [ 200,
172 silly registry.get   { server: 'CouchDB/1.5.0 (Erlang OTP/R16B03)',
172 silly registry.get     etag: '"19B705LN3ZIJ2JKKRSAAUGR3"',
172 silly registry.get     'content-type': 'application/json',
172 silly registry.get     'cache-control': 'max-age=300',
172 silly registry.get     'content-length': '850575',
172 silly registry.get     'accept-ranges': 'bytes',
172 silly registry.get     date: 'Wed, 26 Oct 2016 06:05:38 GMT',
172 silly registry.get     via: '1.1 varnish',
172 silly registry.get     age: '178',
172 silly registry.get     connection: 'keep-alive',
172 silly registry.get     'x-served-by': 'cache-lcy1123-LCY',
172 silly registry.get     'x-cache': 'HIT',
172 silly registry.get     'x-cache-hits': '1',
172 silly registry.get     'x-timer': 'S1477461938.842872,VS0,VE4',
172 silly registry.get     vary: 'Accept-Encoding' } ]
173 silly addNameRange number 2 { name: 'webpack',
173 silly addNameRange   range: '>=2.1.0-beta.15 <=2.1.0--beta.22',
173 silly addNameRange   hasData: true }
174 silly addNameRange versions [ 'webpack',
174 silly addNameRange   [ '0.1.0',
174 silly addNameRange     '0.1.1',
174 silly addNameRange     '0.1.2',
174 silly addNameRange     '0.1.3',
174 silly addNameRange     '0.1.4',
174 silly addNameRange     '0.1.5',
174 silly addNameRange     '0.1.6',
174 silly addNameRange     '0.2.0',
174 silly addNameRange     '0.2.1',
174 silly addNameRange     '0.2.2',
174 silly addNameRange     '0.2.3',
174 silly addNameRange     '0.2.4',
174 silly addNameRange     '0.2.6',
174 silly addNameRange     '0.2.7',
174 silly addNameRange     '0.2.8',
174 silly addNameRange     '0.3.0',
174 silly addNameRange     '0.3.1',
174 silly addNameRange     '0.3.2',
174 silly addNameRange     '0.3.3',
174 silly addNameRange     '0.3.4',
174 silly addNameRange     '0.3.6',
174 silly addNameRange     '0.3.7',
174 silly addNameRange     '0.3.8',
174 silly addNameRange     '0.3.9',
174 silly addNameRange     '0.3.10',
174 silly addNameRange     '0.3.11',
174 silly addNameRange     '0.3.12',
174 silly addNameRange     '0.3.13',
174 silly addNameRange     '0.3.14',
174 silly addNameRange     '0.3.15',
174 silly addNameRange     '0.3.16',
174 silly addNameRange     '0.3.17',
174 silly addNameRange     '0.3.18',
174 silly addNameRange     '0.3.19',
174 silly addNameRange     '0.3.20',
174 silly addNameRange     '0.4.0',
174 silly addNameRange     '0.4.1',
174 silly addNameRange     '0.4.2',
174 silly addNameRange     '0.4.3',
174 silly addNameRange     '0.4.4',
174 silly addNameRange     '0.4.5',
174 silly addNameRange     '0.4.6',
174 silly addNameRange     '0.4.7',
174 silly addNameRange     '0.4.8',
174 silly addNameRange     '0.4.9',
174 silly addNameRange     '0.4.10',
174 silly addNameRange     '0.4.11',
174 silly addNameRange     '0.4.12',
174 silly addNameRange     '0.4.13',
174 silly addNameRange     '0.4.14',
174 silly addNameRange     '0.4.15',
174 silly addNameRange     '0.4.16',
174 silly addNameRange     '0.4.17',
174 silly addNameRange     '0.4.18',
174 silly addNameRange     '0.4.19',
174 silly addNameRange     '0.4.20',
174 silly addNameRange     '0.4.21',
174 silly addNameRange     '0.4.23',
174 silly addNameRange     '0.4.24',
174 silly addNameRange     '0.4.25',
174 silly addNameRange     '0.5.0',
174 silly addNameRange     '0.5.1',
174 silly addNameRange     '0.5.2',
174 silly addNameRange     '0.5.3',
174 silly addNameRange     '0.5.4',
174 silly addNameRange     '0.5.5',
174 silly addNameRange     '0.5.6',
174 silly addNameRange     '0.5.7',
174 silly addNameRange     '0.5.8',
174 silly addNameRange     '0.5.10',
174 silly addNameRange     '0.6.0',
174 silly addNameRange     '0.6.1',
174 silly addNameRange     '0.6.2',
174 silly addNameRange     '0.7.0-beta',
174 silly addNameRange     '0.7.0-beta2',
174 silly addNameRange     '0.7.0-beta3',
174 silly addNameRange     '0.7.0-beta4',
174 silly addNameRange     '0.7.0-beta5',
174 silly addNameRange     '0.7.0-beta6',
174 silly addNameRange     '0.7.0-beta7',
174 silly addNameRange     '0.7.0-beta8',
174 silly addNameRange     '0.7.0',
174 silly addNameRange     '0.7.1',
174 silly addNameRange     '0.7.2',
174 silly addNameRange     '0.7.3',
174 silly addNameRange     '0.7.4',
174 silly addNameRange     '0.7.5',
174 silly addNameRange     '0.7.6',
174 silly addNameRange     '0.7.7',
174 silly addNameRange     '0.7.8',
174 silly addNameRange     '0.7.9',
174 silly addNameRange     '0.7.11',
174 silly addNameRange     '0.7.12',
174 silly addNameRange     '0.7.13',
174 silly addNameRange     '0.7.14',
174 silly addNameRange     '0.7.15',
174 silly addNameRange     '0.7.16',
174 silly addNameRange     '0.7.17',
174 silly addNameRange     '0.8.0-beta1',
174 silly addNameRange     '0.8.0-beta2',
174 silly addNameRange     '0.8.0-beta3',
174 silly addNameRange     '0.8.0-beta4',
174 silly addNameRange     '0.8.0',
174 silly addNameRange     '0.8.2',
174 silly addNameRange     '0.8.3',
174 silly addNameRange     '0.9.0-beta1',
174 silly addNameRange     '0.9.0-beta2',
174 silly addNameRange     '0.9.0-beta4',
174 silly addNameRange     '0.9.0-beta5',
174 silly addNameRange     '0.9.0-beta6',
174 silly addNameRange     '0.9.0-beta7',
174 silly addNameRange     '0.9.0-beta8',
174 silly addNameRange     '0.9.0-beta9',
174 silly addNameRange     '0.9.0-beta10',
174 silly addNameRange     '0.9.0-beta11',
174 silly addNameRange     '0.9.0-beta12',
174 silly addNameRange     '0.9.0-beta13',
174 silly addNameRange     '0.9.0-beta14',
174 silly addNameRange     '0.9.0-beta15',
174 silly addNameRange     '0.9.0-beta16',
174 silly addNameRange     '0.9.0-beta17',
174 silly addNameRange     '0.9.0-beta18',
174 silly addNameRange     '0.9.0-beta19',
174 silly addNameRange     '0.9.0-beta20',
174 silly addNameRange     '0.9.0-beta21',
174 silly addNameRange     '0.9.0-beta22',
174 silly addNameRange     '0.9.0-beta23',
174 silly addNameRange     '0.9.0-beta24',
174 silly addNameRange     '0.9.0-beta25',
174 silly addNameRange     '0.9.0-beta26',
174 silly addNameRange     '0.9.0-beta27',
174 silly addNameRange     '0.9.0-beta28',
174 silly addNameRange     '0.9.0-beta29',
174 silly addNameRange     '0.9.0-beta30',
174 silly addNameRange     '0.9.0-beta31',
174 silly addNameRange     '0.9.0-beta32',
174 silly addNameRange     '0.9.0-beta33',
174 silly addNameRange     '0.9.0-beta34',
174 silly addNameRange     '0.9.0-beta35',
174 silly addNameRange     '0.9.0-beta36',
174 silly addNameRange     '0.9.0-beta37',
174 silly addNameRange     '0.9.0-beta38',
174 silly addNameRange     '0.9.0',
174 silly addNameRange     '0.9.1',
174 silly addNameRange     '0.9.2',
174 silly addNameRange     '0.9.3',
174 silly addNameRange     '0.10.0-beta2',
174 silly addNameRange     '0.10.0-beta3',
174 silly addNameRange     '0.10.0-beta5',
174 silly addNameRange     '0.10.0-beta6',
174 silly addNameRange     '0.10.0-beta7',
174 silly addNameRange     '0.10.0-beta8',
174 silly addNameRange     '0.10.0-beta9',
174 silly addNameRange     '0.10.0-beta10',
174 silly addNameRange     '0.10.0-beta11',
174 silly addNameRange     '0.10.0-beta12',
174 silly addNameRange     '0.10.0-beta13',
174 silly addNameRange     '0.10.0-beta14',
174 silly addNameRange     '0.10.0-beta15',
174 silly addNameRange     '0.10.0-beta16',
174 silly addNameRange     '0.10.0-beta17',
174 silly addNameRange     '0.10.0-beta18',
174 silly addNameRange     '0.10.0-beta19',
174 silly addNameRange     '0.10.0-beta20',
174 silly addNameRange     '0.10.0-beta21',
174 silly addNameRange     '0.10.0-beta22',
174 silly addNameRange     '0.10.0-beta23',
174 silly addNameRange     '0.10.0-beta24',
174 silly addNameRange     '0.10.0-beta25',
174 silly addNameRange     '0.10.0',
174 silly addNameRange     '0.11.0-beta1',
174 silly addNameRange     '0.11.0-beta2',
174 silly addNameRange     '0.11.0-beta3',
174 silly addNameRange     '0.11.0-beta4',
174 silly addNameRange     '0.11.0-beta5',
174 silly addNameRange     '0.11.0-beta6',
174 silly addNameRange     '0.11.0-beta7',
174 silly addNameRange     '0.11.0-beta8',
174 silly addNameRange     '0.11.0-beta9',
174 silly addNameRange     '0.11.0-beta10',
174 silly addNameRange     '0.11.0-beta11',
174 silly addNameRange     '0.11.0-beta12',
174 silly addNameRange     '0.11.0-beta13',
174 silly addNameRange     '0.11.0-beta14',
174 silly addNameRange     '0.11.0-beta15',
174 silly addNameRange     '0.11.0-beta16',
174 silly addNameRange     '0.11.0-beta17',
174 silly addNameRange     '0.11.0-beta18',
174 silly addNameRange     '0.11.0-beta19',
174 silly addNameRange     '0.11.0-beta20',
174 silly addNameRange     '0.11.0-beta21',
174 silly addNameRange     '0.11.0-beta22',
174 silly addNameRange     '0.11.0-beta23',
174 silly addNameRange     '0.11.0-beta24',
174 silly addNameRange     '0.11.0-beta25',
174 silly addNameRange     '0.11.0-beta26',
174 silly addNameRange     '0.11.0-beta27',
174 silly addNameRange     '0.11.0-beta28',
174 silly addNameRange     '0.11.0-beta29',
174 silly addNameRange     '0.11.0',
174 silly addNameRange     '0.11.1',
174 silly addNameRange     '0.11.2',
174 silly addNameRange     '0.11.3',
174 silly addNameRange     '0.11.4',
174 silly addNameRange     '0.11.5',
174 silly addNameRange     '0.11.6',
174 silly addNameRange     '0.11.7',
174 silly addNameRange     '0.11.8',
174 silly addNameRange     '0.11.9',
174 silly addNameRange     '0.11.10',
174 silly addNameRange     '0.11.11',
174 silly addNameRange     '0.11.12',
174 silly addNameRange     '0.11.13',
174 silly addNameRange     '0.11.14',
174 silly addNameRange     '0.11.15',
174 silly addNameRange     '1.0.0-beta1',
174 silly addNameRange     '1.0.0-beta2',
174 silly addNameRange     '1.0.0-beta3',
174 silly addNameRange     '1.0.0-beta4',
174 silly addNameRange     '0.11.16',
174 silly addNameRange     '0.11.17',
174 silly addNameRange     '0.11.18',
174 silly addNameRange     '1.0.0-beta5',
174 silly addNameRange     '1.0.0-beta6',
174 silly addNameRange     '1.0.0-beta7',
174 silly addNameRange     '1.0.0-beta8',
174 silly addNameRange     '1.0.0-beta9',
174 silly addNameRange     '1.0.0-rc1',
174 silly addNameRange     '1.0.0-rc2',
174 silly addNameRange     '1.0.0-rc3',
174 silly addNameRange     '1.0.0-rc4',
174 silly addNameRange     '1.0.0-rc5',
174 silly addNameRange     '1.0.0-rc7',
174 silly addNameRange     '1.0.0-rc8',
174 silly addNameRange     '1.0.0-rc9',
174 silly addNameRange     '1.0.0-rc11',
174 silly addNameRange     '1.0.0-rc12',
174 silly addNameRange     '1.0.0',
174 silly addNameRange     '1.0.1',
174 silly addNameRange     '1.0.3',
174 silly addNameRange     '1.0.4',
174 silly addNameRange     '1.0.5',
174 silly addNameRange     '1.1.0-beta1',
174 silly addNameRange     '1.1.0-beta2',
174 silly addNameRange     '1.1.0-beta3',
174 silly addNameRange     '1.1.0-beta4',
174 silly addNameRange     '1.1.0-beta5',
174 silly addNameRange     '1.1.0-beta6',
174 silly addNameRange     '1.1.0-beta7',
174 silly addNameRange     '1.1.0-beta8',
174 silly addNameRange     '1.1.0-beta9',
174 silly addNameRange     '1.1.0-beta10',
174 silly addNameRange     '1.1.0-beta12',
174 silly addNameRange     '1.1.0',
174 silly addNameRange     '1.1.1',
174 silly addNameRange     '1.1.2',
174 silly addNameRange     '1.1.3',
174 silly addNameRange     '1.1.4',
174 silly addNameRange     '1.1.5',
174 silly addNameRange     '1.1.6',
174 silly addNameRange     '1.1.7',
174 silly addNameRange     '1.1.8',
174 silly addNameRange     '1.1.9',
174 silly addNameRange     '1.1.10',
174 silly addNameRange     '1.1.11',
174 silly addNameRange     '1.2.0-beta1',
174 silly addNameRange     '1.2.0-beta2',
174 silly addNameRange     '1.2.0-beta4',
174 silly addNameRange     '1.2.0-beta5',
174 silly addNameRange     '1.2.0-beta6',
174 silly addNameRange     '1.3.0-beta1',
174 silly addNameRange     '1.3.0-beta2',
174 silly addNameRange     '1.3.0-beta3',
174 silly addNameRange     '1.3.0-beta4',
174 silly addNameRange     '1.3.0-beta5',
174 silly addNameRange     '1.3.0-beta6',
174 silly addNameRange     '1.3.0-beta7',
174 silly addNameRange     '1.3.0-beta8',
174 silly addNameRange     '1.3.0-beta9',
174 silly addNameRange     '1.3.1-beta1',
174 silly addNameRange     '1.3.1-beta2',
174 silly addNameRange     '1.3.1-beta3',
174 silly addNameRange     '1.3.1-beta4',
174 silly addNameRange     '1.3.1-beta5',
174 silly addNameRange     '1.3.1-beta6',
174 silly addNameRange     '1.3.1-beta7',
174 silly addNameRange     '1.3.1-beta8',
174 silly addNameRange     '1.3.1-beta9',
174 silly addNameRange     '1.3.2-beta1',
174 silly addNameRange     '1.3.2-beta2',
174 silly addNameRange     '1.3.2-beta3',
174 silly addNameRange     '1.3.2-beta4',
174 silly addNameRange     '1.3.2-beta5',
174 silly addNameRange     '1.3.2-beta6',
174 silly addNameRange     '1.3.2-beta7',
174 silly addNameRange     '1.3.2-beta8',
174 silly addNameRange     '1.3.2-beta9',
174 silly addNameRange     '1.3.3-beta1',
174 silly addNameRange     '1.3.3-beta2',
174 silly addNameRange     '1.3.4',
174 silly addNameRange     '1.3.5',
174 silly addNameRange     '1.3.6',
174 silly addNameRange     '1.3.7',
174 silly addNameRange     '1.4.0-beta1',
174 silly addNameRange     '1.4.0-beta2',
174 silly addNameRange     '1.4.0-beta3',
174 silly addNameRange     '1.4.0-beta4',
174 silly addNameRange     '1.4.0-beta5',
174 silly addNameRange     '1.4.0-beta6',
174 silly addNameRange     '1.4.0-beta7',
174 silly addNameRange     '1.4.0-beta8',
174 silly addNameRange     '1.4.0-beta9',
174 silly addNameRange     '1.4.0-beta10',
174 silly addNameRange     '1.4.1-beta1',
174 silly addNameRange     '1.4.2',
174 silly addNameRange     '1.4.3',
174 silly addNameRange     '1.4.4',
174 silly addNameRange     '1.4.5',
174 silly addNameRange     '1.4.6',
174 silly addNameRange     '1.4.7',
174 silly addNameRange     '1.4.8',
174 silly addNameRange     '1.4.9',
174 silly addNameRange     '1.4.10',
174 silly addNameRange     '1.4.11',
174 silly addNameRange     '1.4.12',
174 silly addNameRange     '1.4.13',
174 silly addNameRange     '1.4.14',
174 silly addNameRange     '1.4.15',
174 silly addNameRange     '1.5.0',
174 silly addNameRange     '1.5.1',
174 silly addNameRange     '1.5.2',
174 silly addNameRange     '1.5.3',
174 silly addNameRange     '1.6.0',
174 silly addNameRange     '1.7.0',
174 silly addNameRange     '1.7.1',
174 silly addNameRange     '1.7.2',
174 silly addNameRange     '1.7.3',
174 silly addNameRange     '1.8.0',
174 silly addNameRange     '1.8.1',
174 silly addNameRange     '1.8.2',
174 silly addNameRange     '1.8.3',
174 silly addNameRange     '1.8.4',
174 silly addNameRange     '1.8.5',
174 silly addNameRange     '1.8.6',
174 silly addNameRange     '1.8.7',
174 silly addNameRange     '1.8.8',
174 silly addNameRange     '1.8.9',
174 silly addNameRange     '1.8.10',
174 silly addNameRange     '1.8.11',
174 silly addNameRange     '1.9.0',
174 silly addNameRange     '1.9.1',
174 silly addNameRange     '1.9.2',
174 silly addNameRange     '1.9.3',
174 silly addNameRange     '1.9.4',
174 silly addNameRange     '1.9.5',
174 silly addNameRange     '1.9.6',
174 silly addNameRange     '1.9.7',
174 silly addNameRange     '1.9.8',
174 silly addNameRange     '1.9.9',
174 silly addNameRange     '1.9.10',
174 silly addNameRange     '1.9.11',
174 silly addNameRange     '1.9.12',
174 silly addNameRange     '1.9.13',
174 silly addNameRange     '1.10.0',
174 silly addNameRange     '1.10.1',
174 silly addNameRange     '1.10.2',
174 silly addNameRange     '1.10.3',
174 silly addNameRange     '1.10.4',
174 silly addNameRange     '1.10.5',
174 silly addNameRange     '1.11.0',
174 silly addNameRange     '1.12.0',
174 silly addNameRange     '1.12.1',
174 silly addNameRange     '1.12.2',
174 silly addNameRange     '2.0.0-beta',
174 silly addNameRange     '1.12.3',
174 silly addNameRange     '1.12.4',
174 silly addNameRange     '1.12.5',
174 silly addNameRange     '1.12.6',
174 silly addNameRange     '1.12.7',
174 silly addNameRange     '1.12.8',
174 silly addNameRange     '1.12.9',
174 silly addNameRange     '2.0.1-beta',
174 silly addNameRange     '2.0.2-beta',
174 silly addNameRange     '1.12.10',
174 silly addNameRange     '1.12.11',
174 silly addNameRange     '2.0.4-beta',
174 silly addNameRange     '1.12.12',
174 silly addNameRange     '2.0.5-beta',
174 silly addNameRange     '2.0.6-beta',
174 silly addNameRange     '2.0.7-beta',
174 silly addNameRange     '1.12.13',
174 silly addNameRange     '2.1.0-beta.0',
174 silly addNameRange     '2.1.0-beta.1',
174 silly addNameRange     '2.1.0-beta.2',
174 silly addNameRange     '1.12.14',
174 silly addNameRange     '2.1.0-beta.3',
174 silly addNameRange     '2.1.0-beta.4',
174 silly addNameRange     '2.1.0-beta.5',
174 silly addNameRange     '1.12.15',
174 silly addNameRange     '1.13.0',
174 silly addNameRange     '2.1.0-beta.6',
174 silly addNameRange     '2.1.0-beta.7',
174 silly addNameRange     '1.13.1',
174 silly addNameRange     '2.1.0-beta.8',
174 silly addNameRange     '2.1.0-beta.9',
174 silly addNameRange     '2.1.0-beta.10',
174 silly addNameRange     '2.1.0-beta.11',
174 silly addNameRange     '2.1.0-beta.12',
174 silly addNameRange     '2.1.0-beta.13',
174 silly addNameRange     '2.1.0-beta.14',
174 silly addNameRange     '2.1.0-beta.15',
174 silly addNameRange     '2.1.0-beta.16',
174 silly addNameRange     '2.1.0-beta.17',
174 silly addNameRange     '2.1.0-beta.18',
174 silly addNameRange     '2.1.0-beta.19',
174 silly addNameRange     '2.1.0-beta.20',
174 silly addNameRange     '2.1.0-beta.21',
174 silly addNameRange     '1.13.2',
174 silly addNameRange     '2.1.0-beta.22',
174 silly addNameRange     '2.1.0-beta.23',
174 silly addNameRange     '2.1.0-beta.24',
174 silly addNameRange     '2.1.0-beta.25' ] ]
175 silly lockFile ac0bcb2f-pack-2-1-0-beta-15-2-1-0-beta-22 webpack@2.1.0-beta.15 - 2.1.0-beta.22
176 silly lockFile ac0bcb2f-pack-2-1-0-beta-15-2-1-0-beta-22 webpack@2.1.0-beta.15 - 2.1.0-beta.22
177 verbose about to build /home/lonac_rally/Desktop/laravel_projects/node_modules/laravel-elixir-webpack-official
178 info /home/lonac_rally/Desktop/laravel_projects/node_modules/laravel-elixir-webpack-official unbuild
179 info preuninstall laravel-elixir-webpack-official@1.0.8
180 info uninstall laravel-elixir-webpack-official@1.0.8
181 verbose true,/home/lonac_rally/Desktop/laravel_projects/node_modules,/home/lonac_rally/Desktop/laravel_projects/node_modules unbuild laravel-elixir-webpack-official@1.0.8
182 info postuninstall laravel-elixir-webpack-official@1.0.8
183 error Error: No compatible version found: webpack@'>=2.1.0-beta.15 <=2.1.0--beta.22'
183 error Valid install targets:
183 error ["0.1.0","0.1.1","0.1.2","0.1.3","0.1.4","0.1.5","0.1.6","0.2.0","0.2.1","0.2.2","0.2.3","0.2.4","0.2.6","0.2.7","0.2.8","0.3.0","0.3.1","0.3.2","0.3.3","0.3.4","0.3.6","0.3.7","0.3.8","0.3.9","0.3.10","0.3.11","0.3.12","0.3.13","0.3.14","0.3.15","0.3.16","0.3.17","0.3.18","0.3.19","0.3.20","0.4.0","0.4.1","0.4.2","0.4.3","0.4.4","0.4.5","0.4.6","0.4.7","0.4.8","0.4.9","0.4.10","0.4.11","0.4.12","0.4.13","0.4.14","0.4.15","0.4.16","0.4.17","0.4.18","0.4.19","0.4.20","0.4.21","0.4.23","0.4.24","0.4.25","0.5.0","0.5.1","0.5.2","0.5.3","0.5.4","0.5.5","0.5.6","0.5.7","0.5.8","0.5.10","0.6.0","0.6.1","0.6.2","0.7.0-beta","0.7.0-beta2","0.7.0-beta3","0.7.0-beta4","0.7.0-beta5","0.7.0-beta6","0.7.0-beta7","0.7.0-beta8","0.7.0","0.7.1","0.7.2","0.7.3","0.7.4","0.7.5","0.7.6","0.7.7","0.7.8","0.7.9","0.7.11","0.7.12","0.7.13","0.7.14","0.7.15","0.7.16","0.7.17","0.8.0-beta1","0.8.0-beta2","0.8.0-beta3","0.8.0-beta4","0.8.0","0.8.2","0.8.3","0.9.0-beta1","0.9.0-beta2","0.9.0-beta4","0.9.0-beta5","0.9.0-beta6","0.9.0-beta7","0.9.0-beta8","0.9.0-beta9","0.9.0-beta10","0.9.0-beta11","0.9.0-beta12","0.9.0-beta13","0.9.0-beta14","0.9.0-beta15","0.9.0-beta16","0.9.0-beta17","0.9.0-beta18","0.9.0-beta19","0.9.0-beta20","0.9.0-beta21","0.9.0-beta22","0.9.0-beta23","0.9.0-beta24","0.9.0-beta25","0.9.0-beta26","0.9.0-beta27","0.9.0-beta28","0.9.0-beta29","0.9.0-beta30","0.9.0-beta31","0.9.0-beta32","0.9.0-beta33","0.9.0-beta34","0.9.0-beta35","0.9.0-beta36","0.9.0-beta37","0.9.0-beta38","0.9.0","0.9.1","0.9.2","0.9.3","0.10.0-beta2","0.10.0-beta3","0.10.0-beta5","0.10.0-beta6","0.10.0-beta7","0.10.0-beta8","0.10.0-beta9","0.10.0-beta10","0.10.0-beta11","0.10.0-beta12","0.10.0-beta13","0.10.0-beta14","0.10.0-beta15","0.10.0-beta16","0.10.0-beta17","0.10.0-beta18","0.10.0-beta19","0.10.0-beta20","0.10.0-beta21","0.10.0-beta22","0.10.0-beta23","0.10.0-beta24","0.10.0-beta25","0.10.0","0.11.0-beta1","0.11.0-beta2","0.11.0-beta3","0.11.0-beta4","0.11.0-beta5","0.11.0-beta6","0.11.0-beta7","0.11.0-beta8","0.11.0-beta9","0.11.0-beta10","0.11.0-beta11","0.11.0-beta12","0.11.0-beta13","0.11.0-beta14","0.11.0-beta15","0.11.0-beta16","0.11.0-beta17","0.11.0-beta18","0.11.0-beta19","0.11.0-beta20","0.11.0-beta21","0.11.0-beta22","0.11.0-beta23","0.11.0-beta24","0.11.0-beta25","0.11.0-beta26","0.11.0-beta27","0.11.0-beta28","0.11.0-beta29","0.11.0","0.11.1","0.11.2","0.11.3","0.11.4","0.11.5","0.11.6","0.11.7","0.11.8","0.11.9","0.11.10","0.11.11","0.11.12","0.11.13","0.11.14","0.11.15","1.0.0-beta1","1.0.0-beta2","1.0.0-beta3","1.0.0-beta4","0.11.16","0.11.17","0.11.18","1.0.0-beta5","1.0.0-beta6","1.0.0-beta7","1.0.0-beta8","1.0.0-beta9","1.0.0-rc1","1.0.0-rc2","1.0.0-rc3","1.0.0-rc4","1.0.0-rc5","1.0.0-rc7","1.0.0-rc8","1.0.0-rc9","1.0.0-rc11","1.0.0-rc12","1.0.0","1.0.1","1.0.3","1.0.4","1.0.5","1.1.0-beta1","1.1.0-beta2","1.1.0-beta3","1.1.0-beta4","1.1.0-beta5","1.1.0-beta6","1.1.0-beta7","1.1.0-beta8","1.1.0-beta9","1.1.0-beta10","1.1.0-beta12","1.1.0","1.1.1","1.1.2","1.1.3","1.1.4","1.1.5","1.1.6","1.1.7","1.1.8","1.1.9","1.1.10","1.1.11","1.2.0-beta1","1.2.0-beta2","1.2.0-beta4","1.2.0-beta5","1.2.0-beta6","1.3.0-beta1","1.3.0-beta2","1.3.0-beta3","1.3.0-beta4","1.3.0-beta5","1.3.0-beta6","1.3.0-beta7","1.3.0-beta8","1.3.0-beta9","1.3.1-beta1","1.3.1-beta2","1.3.1-beta3","1.3.1-beta4","1.3.1-beta5","1.3.1-beta6","1.3.1-beta7","1.3.1-beta8","1.3.1-beta9","1.3.2-beta1","1.3.2-beta2","1.3.2-beta3","1.3.2-beta4","1.3.2-beta5","1.3.2-beta6","1.3.2-beta7","1.3.2-beta8","1.3.2-beta9","1.3.3-beta1","1.3.3-beta2","1.3.4","1.3.5","1.3.6","1.3.7","1.4.0-beta1","1.4.0-beta2","1.4.0-beta3","1.4.0-beta4","1.4.0-beta5","1.4.0-beta6","1.4.0-beta7","1.4.0-beta8","1.4.0-beta9","1.4.0-beta10","1.4.1-beta1","1.4.2","1.4.3","1.4.4","1.4.5","1.4.6","1.4.7","1.4.8","1.4.9","1.4.10","1.4.11","1.4.12","1.4.13","1.4.14","1.4.15","1.5.0","1.5.1","1.5.2","1.5.3","1.6.0","1.7.0","1.7.1","1.7.2","1.7.3","1.8.0","1.8.1","1.8.2","1.8.3","1.8.4","1.8.5","1.8.6","1.8.7","1.8.8","1.8.9","1.8.10","1.8.11","1.9.0","1.9.1","1.9.2","1.9.3","1.9.4","1.9.5","1.9.6","1.9.7","1.9.8","1.9.9","1.9.10","1.9.11","1.9.12","1.9.13","1.10.0","1.10.1","1.10.2","1.10.3","1.10.4","1.10.5","1.11.0","1.12.0","1.12.1","1.12.2","2.0.0-beta","1.12.3","1.12.4","1.12.5","1.12.6","1.12.7","1.12.8","1.12.9","2.0.1-beta","2.0.2-beta","1.12.10","1.12.11","2.0.4-beta","1.12.12","2.0.5-beta","2.0.6-beta","2.0.7-beta","1.12.13","2.1.0-beta.0","2.1.0-beta.1","2.1.0-beta.2","1.12.14","2.1.0-beta.3","2.1.0-beta.4","2.1.0-beta.5","1.12.15","1.13.0","2.1.0-beta.6","2.1.0-beta.7","1.13.1","2.1.0-beta.8","2.1.0-beta.9","2.1.0-beta.10","2.1.0-beta.11","2.1.0-beta.12","2.1.0-beta.13","2.1.0-beta.14","2.1.0-beta.15","2.1.0-beta.16","2.1.0-beta.17","2.1.0-beta.18","2.1.0-beta.19","2.1.0-beta.20","2.1.0-beta.21","1.13.2","2.1.0-beta.22","2.1.0-beta.23","2.1.0-beta.24","2.1.0-beta.25"]
183 error     at installTargetsError (/usr/share/npm/lib/cache.js:719:10)
183 error     at next (/usr/share/npm/lib/cache.js:698:17)
183 error     at /usr/share/npm/lib/cache.js:675:5
183 error     at saved (/usr/share/npm/node_modules/npm-registry-client/lib/get.js:142:7)
183 error     at /usr/lib/nodejs/graceful-fs/polyfills.js:133:7
183 error     at Object.oncomplete (fs.js:107:15)
184 error If you need help, you may report this log at:
184 error     <http://github.com/isaacs/npm/issues>
184 error or email it to:
184 error     <npm-@googlegroups.com>
185 error System Linux 3.13.0-24-generic
186 error command "/usr/bin/nodejs" "/usr/bin/npm" "install"
187 error cwd /home/lonac_rally/Desktop/laravel_projects
188 error node -v v0.10.25
189 error npm -v 1.3.10
190 verbose exit [ 1, true ]
